[19-Aug-2016 08:15:57 UTC] PHP Notice:  Undefined index: repositories in /vagrant/content/plugins/types/library/toolset/installer/includes/installer.class.php on line 2063
[19-Aug-2016 08:15:57 UTC] PHP Warning:  Invalid argument supplied for foreach() in /vagrant/content/plugins/types/library/toolset/installer/includes/installer.class.php on line 2063
[19-Aug-2016 08:15:57 UTC] PHP Notice:  Undefined index: repositories in /vagrant/content/plugins/types/library/toolset/installer/includes/installer.class.php on line 2063
[19-Aug-2016 08:15:57 UTC] PHP Warning:  Invalid argument supplied for foreach() in /vagrant/content/plugins/types/library/toolset/installer/includes/installer.class.php on line 2063
[19-Aug-2016 08:15:57 UTC] PHP Notice:  Undefined index: repositories in /vagrant/content/plugins/types/library/toolset/installer/includes/installer.class.php on line 1374
[19-Aug-2016 08:15:57 UTC] PHP Warning:  Invalid argument supplied for foreach() in /vagrant/content/plugins/types/library/toolset/installer/includes/installer.class.php on line 1374
[19-Aug-2016 08:15:57 UTC] PHP Notice:  Undefined index: repositories in /vagrant/content/plugins/types/library/toolset/installer/includes/installer.class.php on line 1420
[19-Aug-2016 08:15:57 UTC] PHP Warning:  Invalid argument supplied for foreach() in /vagrant/content/plugins/types/library/toolset/installer/includes/installer.class.php on line 1420
[19-Aug-2016 08:15:57 UTC] PHP Notice:  Undefined index: repositories in /vagrant/content/plugins/types/library/toolset/installer/includes/installer.class.php on line 1420
[19-Aug-2016 08:15:57 UTC] PHP Warning:  Invalid argument supplied for foreach() in /vagrant/content/plugins/types/library/toolset/installer/includes/installer.class.php on line 1420
[19-Aug-2016 08:19:49 UTC] PHP Notice:  Undefined index: repositories in /vagrant/content/plugins/types/library/toolset/installer/includes/installer.class.php on line 2063
[19-Aug-2016 08:19:49 UTC] PHP Warning:  Invalid argument supplied for foreach() in /vagrant/content/plugins/types/library/toolset/installer/includes/installer.class.php on line 2063
[19-Aug-2016 08:19:49 UTC] PHP Notice:  Undefined index: repositories in /vagrant/content/plugins/types/library/toolset/installer/includes/installer.class.php on line 2063
[19-Aug-2016 08:19:49 UTC] PHP Warning:  Invalid argument supplied for foreach() in /vagrant/content/plugins/types/library/toolset/installer/includes/installer.class.php on line 2063
[19-Aug-2016 08:19:49 UTC] PHP Notice:  Undefined index: repositories in /vagrant/content/plugins/types/library/toolset/installer/includes/installer.class.php on line 1374
[19-Aug-2016 08:19:49 UTC] PHP Warning:  Invalid argument supplied for foreach() in /vagrant/content/plugins/types/library/toolset/installer/includes/installer.class.php on line 1374
[19-Aug-2016 08:19:49 UTC] PHP Notice:  Undefined index: repositories in /vagrant/content/plugins/types/library/toolset/installer/includes/installer.class.php on line 1420
[19-Aug-2016 08:19:49 UTC] PHP Warning:  Invalid argument supplied for foreach() in /vagrant/content/plugins/types/library/toolset/installer/includes/installer.class.php on line 1420
[19-Aug-2016 08:19:49 UTC] PHP Notice:  Undefined index: repositories in /vagrant/content/plugins/types/library/toolset/installer/includes/installer.class.php on line 1420
[19-Aug-2016 08:19:49 UTC] PHP Warning:  Invalid argument supplied for foreach() in /vagrant/content/plugins/types/library/toolset/installer/includes/installer.class.php on line 1420
[19-Aug-2016 08:23:28 UTC] PHP Notice:  Undefined index: repositories in /vagrant/content/plugins/types/library/toolset/installer/includes/installer.class.php on line 2063
[19-Aug-2016 08:23:28 UTC] PHP Warning:  Invalid argument supplied for foreach() in /vagrant/content/plugins/types/library/toolset/installer/includes/installer.class.php on line 2063
[19-Aug-2016 08:23:28 UTC] PHP Notice:  Undefined index: repositories in /vagrant/content/plugins/types/library/toolset/installer/includes/installer.class.php on line 2063
[19-Aug-2016 08:23:28 UTC] PHP Warning:  Invalid argument supplied for foreach() in /vagrant/content/plugins/types/library/toolset/installer/includes/installer.class.php on line 2063
[19-Aug-2016 08:23:28 UTC] PHP Notice:  Undefined index: repositories in /vagrant/content/plugins/types/library/toolset/installer/includes/installer.class.php on line 1374
[19-Aug-2016 08:23:28 UTC] PHP Warning:  Invalid argument supplied for foreach() in /vagrant/content/plugins/types/library/toolset/installer/includes/installer.class.php on line 1374
[19-Aug-2016 08:23:28 UTC] PHP Notice:  Undefined index: repositories in /vagrant/content/plugins/types/library/toolset/installer/includes/installer.class.php on line 1420
[19-Aug-2016 08:23:28 UTC] PHP Warning:  Invalid argument supplied for foreach() in /vagrant/content/plugins/types/library/toolset/installer/includes/installer.class.php on line 1420
[19-Aug-2016 08:23:28 UTC] PHP Notice:  Undefined index: repositories in /vagrant/content/plugins/types/library/toolset/installer/includes/installer.class.php on line 1420
[19-Aug-2016 08:23:28 UTC] PHP Warning:  Invalid argument supplied for foreach() in /vagrant/content/plugins/types/library/toolset/installer/includes/installer.class.php on line 1420
[19-Aug-2016 10:18:10 UTC] PHP Notice:  Undefined index: repositories in /vagrant/content/plugins/types/library/toolset/installer/includes/installer.class.php on line 2063
[19-Aug-2016 10:18:10 UTC] PHP Warning:  Invalid argument supplied for foreach() in /vagrant/content/plugins/types/library/toolset/installer/includes/installer.class.php on line 2063
[19-Aug-2016 10:18:10 UTC] PHP Notice:  Undefined index: repositories in /vagrant/content/plugins/types/library/toolset/installer/includes/installer.class.php on line 2063
[19-Aug-2016 10:18:10 UTC] PHP Warning:  Invalid argument supplied for foreach() in /vagrant/content/plugins/types/library/toolset/installer/includes/installer.class.php on line 2063
[19-Aug-2016 10:18:10 UTC] PHP Notice:  Undefined index: repositories in /vagrant/content/plugins/types/library/toolset/installer/includes/installer.class.php on line 2063
[19-Aug-2016 10:18:10 UTC] PHP Warning:  Invalid argument supplied for foreach() in /vagrant/content/plugins/types/library/toolset/installer/includes/installer.class.php on line 2063
[19-Aug-2016 10:18:10 UTC] PHP Notice:  Undefined index: repositories in /vagrant/content/plugins/types/library/toolset/installer/includes/installer.class.php on line 1374
[19-Aug-2016 10:18:10 UTC] PHP Warning:  Invalid argument supplied for foreach() in /vagrant/content/plugins/types/library/toolset/installer/includes/installer.class.php on line 1374
[19-Aug-2016 10:18:10 UTC] PHP Notice:  Undefined index: repositories in /vagrant/content/plugins/types/library/toolset/installer/includes/installer.class.php on line 1420
[19-Aug-2016 10:18:10 UTC] PHP Warning:  Invalid argument supplied for foreach() in /vagrant/content/plugins/types/library/toolset/installer/includes/installer.class.php on line 1420
[19-Aug-2016 10:18:10 UTC] PHP Notice:  Undefined index: repositories in /vagrant/content/plugins/types/library/toolset/installer/includes/installer.class.php on line 1420
[19-Aug-2016 10:18:10 UTC] PHP Warning:  Invalid argument supplied for foreach() in /vagrant/content/plugins/types/library/toolset/installer/includes/installer.class.php on line 1420
[19-Aug-2016 10:18:10 UTC] PHP Notice:  Undefined index: repositories in /vagrant/content/plugins/types/library/toolset/installer/includes/installer.class.php on line 1420
[19-Aug-2016 10:18:10 UTC] PHP Warning:  Invalid argument supplied for foreach() in /vagrant/content/plugins/types/library/toolset/installer/includes/installer.class.php on line 1420
[19-Aug-2016 10:18:18 UTC] PHP Notice:  Undefined index: repositories in /vagrant/content/plugins/types/library/toolset/installer/includes/installer.class.php on line 2063
[19-Aug-2016 10:18:18 UTC] PHP Warning:  Invalid argument supplied for foreach() in /vagrant/content/plugins/types/library/toolset/installer/includes/installer.class.php on line 2063
[19-Aug-2016 10:18:18 UTC] PHP Notice:  Undefined index: repositories in /vagrant/content/plugins/types/library/toolset/installer/includes/installer.class.php on line 2063
[19-Aug-2016 10:18:18 UTC] PHP Warning:  Invalid argument supplied for foreach() in /vagrant/content/plugins/types/library/toolset/installer/includes/installer.class.php on line 2063
[19-Aug-2016 10:18:18 UTC] PHP Notice:  Undefined index: repositories in /vagrant/content/plugins/types/library/toolset/installer/includes/installer.class.php on line 2063
[19-Aug-2016 10:18:18 UTC] PHP Warning:  Invalid argument supplied for foreach() in /vagrant/content/plugins/types/library/toolset/installer/includes/installer.class.php on line 2063
[19-Aug-2016 10:18:18 UTC] PHP Notice:  Undefined index: repositories in /vagrant/content/plugins/types/library/toolset/installer/includes/installer.class.php on line 1374
[19-Aug-2016 10:18:18 UTC] PHP Warning:  Invalid argument supplied for foreach() in /vagrant/content/plugins/types/library/toolset/installer/includes/installer.class.php on line 1374
[19-Aug-2016 10:18:18 UTC] PHP Notice:  Undefined index: repositories in /vagrant/content/plugins/types/library/toolset/installer/includes/installer.class.php on line 1420
[19-Aug-2016 10:18:18 UTC] PHP Warning:  Invalid argument supplied for foreach() in /vagrant/content/plugins/types/library/toolset/installer/includes/installer.class.php on line 1420
[19-Aug-2016 10:18:18 UTC] PHP Notice:  Undefined index: repositories in /vagrant/content/plugins/types/library/toolset/installer/includes/installer.class.php on line 1420
[19-Aug-2016 10:18:18 UTC] PHP Warning:  Invalid argument supplied for foreach() in /vagrant/content/plugins/types/library/toolset/installer/includes/installer.class.php on line 1420
[19-Aug-2016 10:18:18 UTC] PHP Notice:  Undefined index: repositories in /vagrant/content/plugins/types/library/toolset/installer/includes/installer.class.php on line 1420
[19-Aug-2016 10:18:18 UTC] PHP Warning:  Invalid argument supplied for foreach() in /vagrant/content/plugins/types/library/toolset/installer/includes/installer.class.php on line 1420
[20-Aug-2016 14:28:24 UTC] PHP Warning:  Произошла непредвиденная ошибка. Возможно, что-то не так с сайтом WordPress.org или с настройками вашего сервера. Если проблема не решится, обратитесь на <a href="https://ru.forums.wordpress.org/">форумы поддержки</a>. (Не удалось установить защищённое соединение с WordPress.org. Пожалуйста, свяжитесь с администратором сервера.) in /vagrant/wp/wp-includes/update.php on line 123
[20-Aug-2016 14:28:30 UTC] PHP Warning:  Произошла непредвиденная ошибка. Возможно, что-то не так с сайтом WordPress.org или с настройками вашего сервера. Если проблема не решится, обратитесь на <a href="https://ru.forums.wordpress.org/">форумы поддержки</a>. (Не удалось установить защищённое соединение с WordPress.org. Пожалуйста, свяжитесь с администратором сервера.) in /vagrant/wp/wp-includes/update.php on line 306
[20-Aug-2016 14:28:36 UTC] PHP Warning:  Произошла непредвиденная ошибка. Возможно, что-то не так с сайтом WordPress.org или с настройками вашего сервера. Если проблема не решится, обратитесь на <a href="https://ru.forums.wordpress.org/">форумы поддержки</a>. (Не удалось установить защищённое соединение с WordPress.org. Пожалуйста, свяжитесь с администратором сервера.) in /vagrant/wp/wp-includes/update.php on line 479
[21-Aug-2016 02:28:06 UTC] PHP Warning:  Произошла непредвиденная ошибка. Возможно, что-то не так с сайтом WordPress.org или с настройками вашего сервера. Если проблема не решится, обратитесь на <a href="https://ru.forums.wordpress.org/">форумы поддержки</a>. (Не удалось установить защищённое соединение с WordPress.org. Пожалуйста, свяжитесь с администратором сервера.) in /vagrant/wp/wp-includes/update.php on line 123
[21-Aug-2016 02:28:12 UTC] PHP Warning:  Произошла непредвиденная ошибка. Возможно, что-то не так с сайтом WordPress.org или с настройками вашего сервера. Если проблема не решится, обратитесь на <a href="https://ru.forums.wordpress.org/">форумы поддержки</a>. (Не удалось установить защищённое соединение с WordPress.org. Пожалуйста, свяжитесь с администратором сервера.) in /vagrant/wp/wp-includes/update.php on line 306
[21-Aug-2016 02:28:18 UTC] PHP Warning:  Произошла непредвиденная ошибка. Возможно, что-то не так с сайтом WordPress.org или с настройками вашего сервера. Если проблема не решится, обратитесь на <a href="https://ru.forums.wordpress.org/">форумы поддержки</a>. (Не удалось установить защищённое соединение с WordPress.org. Пожалуйста, свяжитесь с администратором сервера.) in /vagrant/wp/wp-includes/update.php on line 479
[21-Aug-2016 14:27:29 UTC] PHP Warning:  Произошла непредвиденная ошибка. Возможно, что-то не так с сайтом WordPress.org или с настройками вашего сервера. Если проблема не решится, обратитесь на <a href="https://ru.forums.wordpress.org/">форумы поддержки</a>. (Не удалось установить защищённое соединение с WordPress.org. Пожалуйста, свяжитесь с администратором сервера.) in /vagrant/wp/wp-includes/update.php on line 123
[21-Aug-2016 14:27:30 UTC] PHP Warning:  Произошла непредвиденная ошибка. Возможно, что-то не так с сайтом WordPress.org или с настройками вашего сервера. Если проблема не решится, обратитесь на <a href="https://ru.forums.wordpress.org/">форумы поддержки</a>. (Не удалось установить защищённое соединение с WordPress.org. Пожалуйста, свяжитесь с администратором сервера.) in /vagrant/wp/wp-includes/update.php on line 306
[21-Aug-2016 14:27:30 UTC] PHP Warning:  Произошла непредвиденная ошибка. Возможно, что-то не так с сайтом WordPress.org или с настройками вашего сервера. Если проблема не решится, обратитесь на <a href="https://ru.forums.wordpress.org/">форумы поддержки</a>. (Не удалось установить защищённое соединение с WordPress.org. Пожалуйста, свяжитесь с администратором сервера.) in /vagrant/wp/wp-includes/update.php on line 479
[22-Aug-2016 02:27:20 UTC] PHP Warning:  Произошла непредвиденная ошибка. Возможно, что-то не так с сайтом WordPress.org или с настройками вашего сервера. Если проблема не решится, обратитесь на <a href="https://ru.forums.wordpress.org/">форумы поддержки</a>. (Не удалось установить защищённое соединение с WordPress.org. Пожалуйста, свяжитесь с администратором сервера.) in /vagrant/wp/wp-includes/update.php on line 123
[22-Aug-2016 02:27:21 UTC] PHP Warning:  Произошла непредвиденная ошибка. Возможно, что-то не так с сайтом WordPress.org или с настройками вашего сервера. Если проблема не решится, обратитесь на <a href="https://ru.forums.wordpress.org/">форумы поддержки</a>. (Не удалось установить защищённое соединение с WordPress.org. Пожалуйста, свяжитесь с администратором сервера.) in /vagrant/wp/wp-includes/update.php on line 306
[22-Aug-2016 02:27:21 UTC] PHP Warning:  Произошла непредвиденная ошибка. Возможно, что-то не так с сайтом WordPress.org или с настройками вашего сервера. Если проблема не решится, обратитесь на <a href="https://ru.forums.wordpress.org/">форумы поддержки</a>. (Не удалось установить защищённое соединение с WordPress.org. Пожалуйста, свяжитесь с администратором сервера.) in /vagrant/wp/wp-includes/update.php on line 479
[22-Aug-2016 08:35:53 UTC] PHP Warning:  Произошла непредвиденная ошибка. Возможно, что-то не так с сайтом WordPress.org или с настройками вашего сервера. Если проблема не решится, обратитесь на <a href="https://ru.forums.wordpress.org/">форумы поддержки</a>. (Не удалось установить защищённое соединение с WordPress.org. Пожалуйста, свяжитесь с администратором сервера.) in /vagrant/wp/wp-includes/update.php on line 479
[22-Aug-2016 12:09:26 UTC] PHP Warning:  Произошла непредвиденная ошибка. Возможно, что-то не так с сайтом WordPress.org или с настройками вашего сервера. Если проблема не решится, обратитесь на <a href="https://ru.forums.wordpress.org/">форумы поддержки</a>. (Не удалось установить защищённое соединение с WordPress.org. Пожалуйста, свяжитесь с администратором сервера.) in /vagrant/wp/wp-includes/update.php on line 306
[22-Aug-2016 12:09:26 UTC] PHP Notice:  Undefined index: repositories in /vagrant/content/plugins/types/library/toolset/installer/includes/installer.class.php on line 2063
[22-Aug-2016 12:09:26 UTC] PHP Warning:  Invalid argument supplied for foreach() in /vagrant/content/plugins/types/library/toolset/installer/includes/installer.class.php on line 2063
[22-Aug-2016 12:09:26 UTC] PHP Notice:  Undefined index: repositories in /vagrant/content/plugins/types/library/toolset/installer/includes/installer.class.php on line 2063
[22-Aug-2016 12:09:26 UTC] PHP Warning:  Invalid argument supplied for foreach() in /vagrant/content/plugins/types/library/toolset/installer/includes/installer.class.php on line 2063
[22-Aug-2016 12:09:26 UTC] PHP Notice:  Undefined index: repositories in /vagrant/content/plugins/types/library/toolset/installer/includes/installer.class.php on line 2063
[22-Aug-2016 12:09:26 UTC] PHP Warning:  Invalid argument supplied for foreach() in /vagrant/content/plugins/types/library/toolset/installer/includes/installer.class.php on line 2063
[22-Aug-2016 12:09:26 UTC] PHP Notice:  Undefined index: repositories in /vagrant/content/plugins/types/library/toolset/installer/includes/installer.class.php on line 1374
[22-Aug-2016 12:09:26 UTC] PHP Warning:  Invalid argument supplied for foreach() in /vagrant/content/plugins/types/library/toolset/installer/includes/installer.class.php on line 1374
[22-Aug-2016 12:09:26 UTC] PHP Notice:  Undefined index: repositories in /vagrant/content/plugins/types/library/toolset/installer/includes/installer.class.php on line 1420
[22-Aug-2016 12:09:26 UTC] PHP Warning:  Invalid argument supplied for foreach() in /vagrant/content/plugins/types/library/toolset/installer/includes/installer.class.php on line 1420
[22-Aug-2016 12:09:26 UTC] PHP Notice:  Undefined index: repositories in /vagrant/content/plugins/types/library/toolset/installer/includes/installer.class.php on line 1420
[22-Aug-2016 12:09:26 UTC] PHP Warning:  Invalid argument supplied for foreach() in /vagrant/content/plugins/types/library/toolset/installer/includes/installer.class.php on line 1420
[22-Aug-2016 12:09:26 UTC] PHP Notice:  Undefined index: repositories in /vagrant/content/plugins/types/library/toolset/installer/includes/installer.class.php on line 1420
[22-Aug-2016 12:09:26 UTC] PHP Warning:  Invalid argument supplied for foreach() in /vagrant/content/plugins/types/library/toolset/installer/includes/installer.class.php on line 1420
[22-Aug-2016 12:09:52 UTC] PHP Warning:  Произошла непредвиденная ошибка. Возможно, что-то не так с сайтом WordPress.org или с настройками вашего сервера. Если проблема не решится, обратитесь на <a href="https://ru.forums.wordpress.org/">форумы поддержки</a>. (Не удалось установить защищённое соединение с WordPress.org. Пожалуйста, свяжитесь с администратором сервера.) in /vagrant/wp/wp-admin/includes/plugin-install.php on line 158
[22-Aug-2016 12:09:52 UTC] PHP Warning:  Произошла непредвиденная ошибка. Возможно, что-то не так с сайтом WordPress.org или с настройками вашего сервера. Если проблема не решится, обратитесь на <a href="https://ru.forums.wordpress.org/">форумы поддержки</a>. (Не удалось установить защищённое соединение с WordPress.org. Пожалуйста, свяжитесь с администратором сервера.) in /vagrant/wp/wp-admin/includes/plugin-install.php on line 158
[22-Aug-2016 12:09:59 UTC] PHP Warning:  Произошла непредвиденная ошибка. Возможно, что-то не так с сайтом WordPress.org или с настройками вашего сервера. Если проблема не решится, обратитесь на <a href="https://ru.forums.wordpress.org/">форумы поддержки</a>. (Не удалось установить защищённое соединение с WordPress.org. Пожалуйста, свяжитесь с администратором сервера.) in /vagrant/wp/wp-includes/update.php on line 306
[22-Aug-2016 12:09:59 UTC] PHP Warning:  Произошла непредвиденная ошибка. Возможно, что-то не так с сайтом WordPress.org или с настройками вашего сервера. Если проблема не решится, обратитесь на <a href="https://ru.forums.wordpress.org/">форумы поддержки</a>. (Не удалось установить защищённое соединение с WordPress.org. Пожалуйста, свяжитесь с администратором сервера.) in /vagrant/wp/wp-includes/update.php on line 479
[22-Aug-2016 12:10:11 UTC] PHP Warning:  Произошла непредвиденная ошибка. Возможно, что-то не так с сайтом WordPress.org или с настройками вашего сервера. Если проблема не решится, обратитесь на <a href="https://ru.forums.wordpress.org/">форумы поддержки</a>. (Не удалось установить защищённое соединение с WordPress.org. Пожалуйста, свяжитесь с администратором сервера.) in /vagrant/wp/wp-includes/update.php on line 123
[22-Aug-2016 12:10:11 UTC] PHP Warning:  Произошла непредвиденная ошибка. Возможно, что-то не так с сайтом WordPress.org или с настройками вашего сервера. Если проблема не решится, обратитесь на <a href="https://ru.forums.wordpress.org/">форумы поддержки</a>. (Не удалось установить защищённое соединение с WordPress.org. Пожалуйста, свяжитесь с администратором сервера.) in /vagrant/wp/wp-includes/update.php on line 306
[22-Aug-2016 12:10:11 UTC] PHP Warning:  Произошла непредвиденная ошибка. Возможно, что-то не так с сайтом WordPress.org или с настройками вашего сервера. Если проблема не решится, обратитесь на <a href="https://ru.forums.wordpress.org/">форумы поддержки</a>. (Не удалось установить защищённое соединение с WordPress.org. Пожалуйста, свяжитесь с администратором сервера.) in /vagrant/wp/wp-includes/update.php on line 479
[22-Aug-2016 12:10:17 UTC] PHP Warning:  Произошла непредвиденная ошибка. Возможно, что-то не так с сайтом WordPress.org или с настройками вашего сервера. Если проблема не решится, обратитесь на <a href="https://ru.forums.wordpress.org/">форумы поддержки</a>. (Не удалось установить защищённое соединение с WordPress.org. Пожалуйста, свяжитесь с администратором сервера.) in /vagrant/wp/wp-includes/update.php on line 306
[22-Aug-2016 12:10:17 UTC] PHP Warning:  Произошла непредвиденная ошибка. Возможно, что-то не так с сайтом WordPress.org или с настройками вашего сервера. Если проблема не решится, обратитесь на <a href="https://ru.forums.wordpress.org/">форумы поддержки</a>. (Не удалось установить защищённое соединение с WordPress.org. Пожалуйста, свяжитесь с администратором сервера.) in /vagrant/wp/wp-includes/update.php on line 306
[22-Aug-2016 12:10:18 UTC] PHP Warning:  Произошла непредвиденная ошибка. Возможно, что-то не так с сайтом WordPress.org или с настройками вашего сервера. Если проблема не решится, обратитесь на <a href="https://ru.forums.wordpress.org/">форумы поддержки</a>. (Не удалось установить защищённое соединение с WordPress.org. Пожалуйста, свяжитесь с администратором сервера.) in /vagrant/wp/wp-includes/update.php on line 306
[22-Aug-2016 12:10:19 UTC] PHP Notice:  Undefined index: repositories in /vagrant/content/plugins/types/library/toolset/installer/includes/installer.class.php on line 2063
[22-Aug-2016 12:10:19 UTC] PHP Warning:  Invalid argument supplied for foreach() in /vagrant/content/plugins/types/library/toolset/installer/includes/installer.class.php on line 2063
[22-Aug-2016 12:10:19 UTC] PHP Notice:  Undefined index: repositories in /vagrant/content/plugins/types/library/toolset/installer/includes/installer.class.php on line 2063
[22-Aug-2016 12:10:19 UTC] PHP Warning:  Invalid argument supplied for foreach() in /vagrant/content/plugins/types/library/toolset/installer/includes/installer.class.php on line 2063
[22-Aug-2016 12:10:19 UTC] PHP Notice:  Undefined index: repositories in /vagrant/content/plugins/types/library/toolset/installer/includes/installer.class.php on line 2063
[22-Aug-2016 12:10:19 UTC] PHP Warning:  Invalid argument supplied for foreach() in /vagrant/content/plugins/types/library/toolset/installer/includes/installer.class.php on line 2063
[22-Aug-2016 12:10:19 UTC] PHP Notice:  Undefined index: repositories in /vagrant/content/plugins/types/library/toolset/installer/includes/installer.class.php on line 2063
[22-Aug-2016 12:10:19 UTC] PHP Warning:  Invalid argument supplied for foreach() in /vagrant/content/plugins/types/library/toolset/installer/includes/installer.class.php on line 2063
[22-Aug-2016 12:10:19 UTC] PHP Notice:  Undefined index: repositories in /vagrant/content/plugins/types/library/toolset/installer/includes/installer.class.php on line 1374
[22-Aug-2016 12:10:19 UTC] PHP Warning:  Invalid argument supplied for foreach() in /vagrant/content/plugins/types/library/toolset/installer/includes/installer.class.php on line 1374
[22-Aug-2016 12:10:19 UTC] PHP Notice:  Undefined index: repositories in /vagrant/content/plugins/types/library/toolset/installer/includes/installer.class.php on line 1420
[22-Aug-2016 12:10:19 UTC] PHP Warning:  Invalid argument supplied for foreach() in /vagrant/content/plugins/types/library/toolset/installer/includes/installer.class.php on line 1420
[22-Aug-2016 12:10:19 UTC] PHP Notice:  Undefined index: repositories in /vagrant/content/plugins/types/library/toolset/installer/includes/installer.class.php on line 1420
[22-Aug-2016 12:10:19 UTC] PHP Warning:  Invalid argument supplied for foreach() in /vagrant/content/plugins/types/library/toolset/installer/includes/installer.class.php on line 1420
[22-Aug-2016 12:10:19 UTC] PHP Notice:  Undefined index: repositories in /vagrant/content/plugins/types/library/toolset/installer/includes/installer.class.php on line 1420
[22-Aug-2016 12:10:19 UTC] PHP Warning:  Invalid argument supplied for foreach() in /vagrant/content/plugins/types/library/toolset/installer/includes/installer.class.php on line 1420
[22-Aug-2016 12:10:19 UTC] PHP Notice:  Undefined index: repositories in /vagrant/content/plugins/types/library/toolset/installer/includes/installer.class.php on line 1420
[22-Aug-2016 12:10:19 UTC] PHP Warning:  Invalid argument supplied for foreach() in /vagrant/content/plugins/types/library/toolset/installer/includes/installer.class.php on line 1420
[22-Aug-2016 12:22:09 UTC] PHP Warning:  Произошла непредвиденная ошибка. Возможно, что-то не так с сайтом WordPress.org или с настройками вашего сервера. Если проблема не решится, обратитесь на <a href="https://ru.forums.wordpress.org/">форумы поддержки</a>. (Не удалось установить защищённое соединение с WordPress.org. Пожалуйста, свяжитесь с администратором сервера.) in /vagrant/wp/wp-includes/update.php on line 306
[22-Aug-2016 12:22:09 UTC] PHP Notice:  Undefined index: repositories in /vagrant/content/plugins/types/library/toolset/installer/includes/installer.class.php on line 2063
[22-Aug-2016 12:22:09 UTC] PHP Warning:  Invalid argument supplied for foreach() in /vagrant/content/plugins/types/library/toolset/installer/includes/installer.class.php on line 2063
[22-Aug-2016 12:22:09 UTC] PHP Notice:  Undefined index: repositories in /vagrant/content/plugins/types/library/toolset/installer/includes/installer.class.php on line 2063
[22-Aug-2016 12:22:09 UTC] PHP Warning:  Invalid argument supplied for foreach() in /vagrant/content/plugins/types/library/toolset/installer/includes/installer.class.php on line 2063
[22-Aug-2016 12:22:09 UTC] PHP Notice:  Undefined index: repositories in /vagrant/content/plugins/types/library/toolset/installer/includes/installer.class.php on line 2063
[22-Aug-2016 12:22:09 UTC] PHP Warning:  Invalid argument supplied for foreach() in /vagrant/content/plugins/types/library/toolset/installer/includes/installer.class.php on line 2063
[22-Aug-2016 12:22:09 UTC] PHP Notice:  Undefined index: repositories in /vagrant/content/plugins/types/library/toolset/installer/includes/installer.class.php on line 2063
[22-Aug-2016 12:22:09 UTC] PHP Warning:  Invalid argument supplied for foreach() in /vagrant/content/plugins/types/library/toolset/installer/includes/installer.class.php on line 2063
[22-Aug-2016 12:22:09 UTC] PHP Notice:  Undefined index: repositories in /vagrant/content/plugins/types/library/toolset/installer/includes/installer.class.php on line 1374
[22-Aug-2016 12:22:09 UTC] PHP Warning:  Invalid argument supplied for foreach() in /vagrant/content/plugins/types/library/toolset/installer/includes/installer.class.php on line 1374
[22-Aug-2016 12:22:09 UTC] PHP Notice:  Undefined index: repositories in /vagrant/content/plugins/types/library/toolset/installer/includes/installer.class.php on line 1420
[22-Aug-2016 12:22:09 UTC] PHP Warning:  Invalid argument supplied for foreach() in /vagrant/content/plugins/types/library/toolset/installer/includes/installer.class.php on line 1420
[22-Aug-2016 12:22:09 UTC] PHP Notice:  Undefined index: repositories in /vagrant/content/plugins/types/library/toolset/installer/includes/installer.class.php on line 1420
[22-Aug-2016 12:22:09 UTC] PHP Warning:  Invalid argument supplied for foreach() in /vagrant/content/plugins/types/library/toolset/installer/includes/installer.class.php on line 1420
[22-Aug-2016 12:22:09 UTC] PHP Notice:  Undefined index: repositories in /vagrant/content/plugins/types/library/toolset/installer/includes/installer.class.php on line 1420
[22-Aug-2016 12:22:09 UTC] PHP Warning:  Invalid argument supplied for foreach() in /vagrant/content/plugins/types/library/toolset/installer/includes/installer.class.php on line 1420
[22-Aug-2016 12:22:09 UTC] PHP Notice:  Undefined index: repositories in /vagrant/content/plugins/types/library/toolset/installer/includes/installer.class.php on line 1420
[22-Aug-2016 12:22:09 UTC] PHP Warning:  Invalid argument supplied for foreach() in /vagrant/content/plugins/types/library/toolset/installer/includes/installer.class.php on line 1420
[22-Aug-2016 12:22:23 UTC] PHP Warning:  Произошла непредвиденная ошибка. Возможно, что-то не так с сайтом WordPress.org или с настройками вашего сервера. Если проблема не решится, обратитесь на <a href="https://ru.forums.wordpress.org/">форумы поддержки</a>. (Не удалось установить защищённое соединение с WordPress.org. Пожалуйста, свяжитесь с администратором сервера.) in /vagrant/wp/wp-includes/update.php on line 306
[22-Aug-2016 12:22:23 UTC] PHP Warning:  Произошла непредвиденная ошибка. Возможно, что-то не так с сайтом WordPress.org или с настройками вашего сервера. Если проблема не решится, обратитесь на <a href="https://ru.forums.wordpress.org/">форумы поддержки</a>. (Не удалось установить защищённое соединение с WordPress.org. Пожалуйста, свяжитесь с администратором сервера.) in /vagrant/wp/wp-includes/update.php on line 306
[22-Aug-2016 12:22:24 UTC] PHP Notice:  Undefined index: repositories in /vagrant/content/plugins/types/library/toolset/installer/includes/installer.class.php on line 2063
[22-Aug-2016 12:22:24 UTC] PHP Warning:  Invalid argument supplied for foreach() in /vagrant/content/plugins/types/library/toolset/installer/includes/installer.class.php on line 2063
[22-Aug-2016 12:22:24 UTC] PHP Notice:  Undefined index: repositories in /vagrant/content/plugins/types/library/toolset/installer/includes/installer.class.php on line 2063
[22-Aug-2016 12:22:24 UTC] PHP Warning:  Invalid argument supplied for foreach() in /vagrant/content/plugins/types/library/toolset/installer/includes/installer.class.php on line 2063
[22-Aug-2016 12:22:24 UTC] PHP Notice:  Undefined index: repositories in /vagrant/content/plugins/types/library/toolset/installer/includes/installer.class.php on line 2063
[22-Aug-2016 12:22:24 UTC] PHP Warning:  Invalid argument supplied for foreach() in /vagrant/content/plugins/types/library/toolset/installer/includes/installer.class.php on line 2063
[22-Aug-2016 12:22:24 UTC] PHP Notice:  Undefined index: repositories in /vagrant/content/plugins/types/library/toolset/installer/includes/installer.class.php on line 2063
[22-Aug-2016 12:22:24 UTC] PHP Warning:  Invalid argument supplied for foreach() in /vagrant/content/plugins/types/library/toolset/installer/includes/installer.class.php on line 2063
[22-Aug-2016 12:22:24 UTC] PHP Notice:  Undefined index: repositories in /vagrant/content/plugins/types/library/toolset/installer/includes/installer.class.php on line 1374
[22-Aug-2016 12:22:24 UTC] PHP Warning:  Invalid argument supplied for foreach() in /vagrant/content/plugins/types/library/toolset/installer/includes/installer.class.php on line 1374
[22-Aug-2016 12:22:24 UTC] PHP Notice:  Undefined index: repositories in /vagrant/content/plugins/types/library/toolset/installer/includes/installer.class.php on line 1420
[22-Aug-2016 12:22:24 UTC] PHP Warning:  Invalid argument supplied for foreach() in /vagrant/content/plugins/types/library/toolset/installer/includes/installer.class.php on line 1420
[22-Aug-2016 12:22:24 UTC] PHP Notice:  Undefined index: repositories in /vagrant/content/plugins/types/library/toolset/installer/includes/installer.class.php on line 1420
[22-Aug-2016 12:22:24 UTC] PHP Warning:  Invalid argument supplied for foreach() in /vagrant/content/plugins/types/library/toolset/installer/includes/installer.class.php on line 1420
[22-Aug-2016 12:22:24 UTC] PHP Notice:  Undefined index: repositories in /vagrant/content/plugins/types/library/toolset/installer/includes/installer.class.php on line 1420
[22-Aug-2016 12:22:24 UTC] PHP Warning:  Invalid argument supplied for foreach() in /vagrant/content/plugins/types/library/toolset/installer/includes/installer.class.php on line 1420
[22-Aug-2016 12:22:24 UTC] PHP Notice:  Undefined index: repositories in /vagrant/content/plugins/types/library/toolset/installer/includes/installer.class.php on line 1420
[22-Aug-2016 12:22:24 UTC] PHP Warning:  Invalid argument supplied for foreach() in /vagrant/content/plugins/types/library/toolset/installer/includes/installer.class.php on line 1420
[22-Aug-2016 12:38:57 UTC] PHP Parse error:  syntax error, unexpected '' => '' (T_CONSTANT_ENCAPSED_STRING), expecting ')' in /vagrant/content/themes/skp_plus/header.php on line 50
[22-Aug-2016 12:46:45 UTC] PHP Notice:  Undefined property: stdClass::$menu in /vagrant/wp/wp-includes/nav-menu-template.php on line 92
[22-Aug-2016 12:46:45 UTC] PHP Notice:  Undefined property: stdClass::$theme_location in /vagrant/wp/wp-includes/nav-menu-template.php on line 95
[22-Aug-2016 12:46:45 UTC] PHP Notice:  Undefined property: stdClass::$theme_location in /vagrant/wp/wp-includes/nav-menu-template.php on line 99
[22-Aug-2016 12:46:45 UTC] PHP Notice:  Undefined property: stdClass::$container in /vagrant/wp/wp-includes/nav-menu-template.php on line 135
[22-Aug-2016 12:46:45 UTC] PHP Notice:  Undefined property: stdClass::$depth in /vagrant/wp/wp-includes/nav-menu-template.php on line 183
[22-Aug-2016 12:46:45 UTC] PHP Notice:  Undefined property: stdClass::$menu_class in /vagrant/wp/wp-includes/nav-menu-template.php on line 200
[22-Aug-2016 12:47:26 UTC] PHP Notice:  Undefined property: stdClass::$menu in /vagrant/wp/wp-includes/nav-menu-template.php on line 92
[22-Aug-2016 12:47:26 UTC] PHP Notice:  Undefined property: stdClass::$theme_location in /vagrant/wp/wp-includes/nav-menu-template.php on line 95
[22-Aug-2016 12:47:26 UTC] PHP Notice:  Undefined property: stdClass::$theme_location in /vagrant/wp/wp-includes/nav-menu-template.php on line 99
[22-Aug-2016 12:47:26 UTC] PHP Notice:  Undefined property: stdClass::$container in /vagrant/wp/wp-includes/nav-menu-template.php on line 135
[22-Aug-2016 12:47:26 UTC] PHP Notice:  Undefined property: stdClass::$depth in /vagrant/wp/wp-includes/nav-menu-template.php on line 183
[22-Aug-2016 12:47:26 UTC] PHP Notice:  Undefined property: stdClass::$menu_class in /vagrant/wp/wp-includes/nav-menu-template.php on line 200
[22-Aug-2016 12:55:38 UTC] PHP Notice:  Undefined property: stdClass::$menu in /vagrant/wp/wp-includes/nav-menu-template.php on line 92
[22-Aug-2016 12:55:38 UTC] PHP Notice:  Undefined property: stdClass::$theme_location in /vagrant/wp/wp-includes/nav-menu-template.php on line 95
[22-Aug-2016 12:55:38 UTC] PHP Notice:  Undefined property: stdClass::$theme_location in /vagrant/wp/wp-includes/nav-menu-template.php on line 99
[22-Aug-2016 12:55:38 UTC] PHP Notice:  Undefined property: stdClass::$depth in /vagrant/wp/wp-includes/nav-menu-template.php on line 183
[22-Aug-2016 12:55:38 UTC] PHP Notice:  Undefined property: stdClass::$menu_class in /vagrant/wp/wp-includes/nav-menu-template.php on line 200
[22-Aug-2016 14:28:04 UTC] PHP Warning:  Произошла непредвиденная ошибка. Возможно, что-то не так с сайтом WordPress.org или с настройками вашего сервера. Если проблема не решится, обратитесь на <a href="https://ru.forums.wordpress.org/">форумы поддержки</a>. (Не удалось установить защищённое соединение с WordPress.org. Пожалуйста, свяжитесь с администратором сервера.) in /vagrant/wp/wp-includes/update.php on line 123
[22-Aug-2016 14:28:04 UTC] PHP Warning:  Произошла непредвиденная ошибка. Возможно, что-то не так с сайтом WordPress.org или с настройками вашего сервера. Если проблема не решится, обратитесь на <a href="https://ru.forums.wordpress.org/">форумы поддержки</a>. (Не удалось установить защищённое соединение с WordPress.org. Пожалуйста, свяжитесь с администратором сервера.) in /vagrant/wp/wp-includes/update.php on line 306
[22-Aug-2016 14:28:04 UTC] PHP Warning:  Произошла непредвиденная ошибка. Возможно, что-то не так с сайтом WordPress.org или с настройками вашего сервера. Если проблема не решится, обратитесь на <a href="https://ru.forums.wordpress.org/">форумы поддержки</a>. (Не удалось установить защищённое соединение с WordPress.org. Пожалуйста, свяжитесь с администратором сервера.) in /vagrant/wp/wp-includes/update.php on line 479
[23-Aug-2016 06:29:15 UTC] PHP Warning:  Произошла непредвиденная ошибка. Возможно, что-то не так с сайтом WordPress.org или с настройками вашего сервера. Если проблема не решится, обратитесь на <a href="https://ru.forums.wordpress.org/">форумы поддержки</a>. (Не удалось установить защищённое соединение с WordPress.org. Пожалуйста, свяжитесь с администратором сервера.) in /vagrant/wp/wp-includes/update.php on line 123
[23-Aug-2016 06:29:15 UTC] PHP Warning:  Произошла непредвиденная ошибка. Возможно, что-то не так с сайтом WordPress.org или с настройками вашего сервера. Если проблема не решится, обратитесь на <a href="https://ru.forums.wordpress.org/">форумы поддержки</a>. (Не удалось установить защищённое соединение с WordPress.org. Пожалуйста, свяжитесь с администратором сервера.) in /vagrant/wp/wp-includes/update.php on line 306
[23-Aug-2016 06:29:15 UTC] PHP Warning:  Произошла непредвиденная ошибка. Возможно, что-то не так с сайтом WordPress.org или с настройками вашего сервера. Если проблема не решится, обратитесь на <a href="https://ru.forums.wordpress.org/">форумы поддержки</a>. (Не удалось установить защищённое соединение с WordPress.org. Пожалуйста, свяжитесь с администратором сервера.) in /vagrant/wp/wp-includes/update.php on line 479
[23-Aug-2016 09:27:50 UTC] PHP Warning:  Произошла непредвиденная ошибка. Возможно, что-то не так с сайтом WordPress.org или с настройками вашего сервера. Если проблема не решится, обратитесь на <a href="https://ru.forums.wordpress.org/">форумы поддержки</a>. (Не удалось установить защищённое соединение с WordPress.org. Пожалуйста, свяжитесь с администратором сервера.) in /vagrant/wp/wp-admin/includes/plugin-install.php on line 158
[23-Aug-2016 09:27:50 UTC] PHP Warning:  Произошла непредвиденная ошибка. Возможно, что-то не так с сайтом WordPress.org или с настройками вашего сервера. Если проблема не решится, обратитесь на <a href="https://ru.forums.wordpress.org/">форумы поддержки</a>. (Не удалось установить защищённое соединение с WordPress.org. Пожалуйста, свяжитесь с администратором сервера.) in /vagrant/wp/wp-admin/includes/plugin-install.php on line 158
[23-Aug-2016 09:28:30 UTC] PHP Warning:  Произошла непредвиденная ошибка. Возможно, что-то не так с сайтом WordPress.org или с настройками вашего сервера. Если проблема не решится, обратитесь на <a href="https://ru.forums.wordpress.org/">форумы поддержки</a>. (Не удалось установить защищённое соединение с WordPress.org. Пожалуйста, свяжитесь с администратором сервера.) in /vagrant/wp/wp-includes/update.php on line 306
[23-Aug-2016 09:28:30 UTC] PHP Warning:  Произошла непредвиденная ошибка. Возможно, что-то не так с сайтом WordPress.org или с настройками вашего сервера. Если проблема не решится, обратитесь на <a href="https://ru.forums.wordpress.org/">форумы поддержки</a>. (Не удалось установить защищённое соединение с WordPress.org. Пожалуйста, свяжитесь с администратором сервера.) in /vagrant/wp/wp-includes/update.php on line 479
[23-Aug-2016 09:28:33 UTC] PHP Warning:  Произошла непредвиденная ошибка. Возможно, что-то не так с сайтом WordPress.org или с настройками вашего сервера. Если проблема не решится, обратитесь на <a href="https://ru.forums.wordpress.org/">форумы поддержки</a>. (Не удалось установить защищённое соединение с WordPress.org. Пожалуйста, свяжитесь с администратором сервера.) in /vagrant/wp/wp-includes/update.php on line 123
[23-Aug-2016 09:28:33 UTC] PHP Warning:  Произошла непредвиденная ошибка. Возможно, что-то не так с сайтом WordPress.org или с настройками вашего сервера. Если проблема не решится, обратитесь на <a href="https://ru.forums.wordpress.org/">форумы поддержки</a>. (Не удалось установить защищённое соединение с WordPress.org. Пожалуйста, свяжитесь с администратором сервера.) in /vagrant/wp/wp-includes/update.php on line 306
[23-Aug-2016 09:28:33 UTC] PHP Warning:  Произошла непредвиденная ошибка. Возможно, что-то не так с сайтом WordPress.org или с настройками вашего сервера. Если проблема не решится, обратитесь на <a href="https://ru.forums.wordpress.org/">форумы поддержки</a>. (Не удалось установить защищённое соединение с WordPress.org. Пожалуйста, свяжитесь с администратором сервера.) in /vagrant/wp/wp-includes/update.php on line 479
[23-Aug-2016 09:28:36 UTC] PHP Warning:  Произошла непредвиденная ошибка. Возможно, что-то не так с сайтом WordPress.org или с настройками вашего сервера. Если проблема не решится, обратитесь на <a href="https://ru.forums.wordpress.org/">форумы поддержки</a>. (Не удалось установить защищённое соединение с WordPress.org. Пожалуйста, свяжитесь с администратором сервера.) in /vagrant/wp/wp-includes/update.php on line 306
[23-Aug-2016 09:28:37 UTC] PHP Warning:  Произошла непредвиденная ошибка. Возможно, что-то не так с сайтом WordPress.org или с настройками вашего сервера. Если проблема не решится, обратитесь на <a href="https://ru.forums.wordpress.org/">форумы поддержки</a>. (Не удалось установить защищённое соединение с WordPress.org. Пожалуйста, свяжитесь с администратором сервера.) in /vagrant/wp/wp-includes/update.php on line 306
[23-Aug-2016 09:28:38 UTC] PHP Warning:  Произошла непредвиденная ошибка. Возможно, что-то не так с сайтом WordPress.org или с настройками вашего сервера. Если проблема не решится, обратитесь на <a href="https://ru.forums.wordpress.org/">форумы поддержки</a>. (Не удалось установить защищённое соединение с WordPress.org. Пожалуйста, свяжитесь с администратором сервера.) in /vagrant/wp/wp-includes/update.php on line 306
[23-Aug-2016 09:28:38 UTC] PHP Notice:  Undefined index: repositories in /vagrant/content/plugins/types/library/toolset/installer/includes/installer.class.php on line 2063
[23-Aug-2016 09:28:38 UTC] PHP Warning:  Invalid argument supplied for foreach() in /vagrant/content/plugins/types/library/toolset/installer/includes/installer.class.php on line 2063
[23-Aug-2016 09:28:38 UTC] PHP Notice:  Undefined index: repositories in /vagrant/content/plugins/types/library/toolset/installer/includes/installer.class.php on line 2063
[23-Aug-2016 09:28:38 UTC] PHP Warning:  Invalid argument supplied for foreach() in /vagrant/content/plugins/types/library/toolset/installer/includes/installer.class.php on line 2063
[23-Aug-2016 09:28:38 UTC] PHP Notice:  Undefined index: repositories in /vagrant/content/plugins/types/library/toolset/installer/includes/installer.class.php on line 2063
[23-Aug-2016 09:28:38 UTC] PHP Warning:  Invalid argument supplied for foreach() in /vagrant/content/plugins/types/library/toolset/installer/includes/installer.class.php on line 2063
[23-Aug-2016 09:28:38 UTC] PHP Notice:  Undefined index: repositories in /vagrant/content/plugins/types/library/toolset/installer/includes/installer.class.php on line 2063
[23-Aug-2016 09:28:38 UTC] PHP Warning:  Invalid argument supplied for foreach() in /vagrant/content/plugins/types/library/toolset/installer/includes/installer.class.php on line 2063
[23-Aug-2016 09:28:38 UTC] PHP Notice:  Undefined index: repositories in /vagrant/content/plugins/types/library/toolset/installer/includes/installer.class.php on line 2063
[23-Aug-2016 09:28:38 UTC] PHP Warning:  Invalid argument supplied for foreach() in /vagrant/content/plugins/types/library/toolset/installer/includes/installer.class.php on line 2063
[23-Aug-2016 09:28:38 UTC] PHP Notice:  Undefined index: repositories in /vagrant/content/plugins/types/library/toolset/installer/includes/installer.class.php on line 1374
[23-Aug-2016 09:28:38 UTC] PHP Warning:  Invalid argument supplied for foreach() in /vagrant/content/plugins/types/library/toolset/installer/includes/installer.class.php on line 1374
[23-Aug-2016 09:28:38 UTC] PHP Notice:  Undefined index: repositories in /vagrant/content/plugins/types/library/toolset/installer/includes/installer.class.php on line 1420
[23-Aug-2016 09:28:38 UTC] PHP Warning:  Invalid argument supplied for foreach() in /vagrant/content/plugins/types/library/toolset/installer/includes/installer.class.php on line 1420
[23-Aug-2016 09:28:38 UTC] PHP Notice:  Undefined index: repositories in /vagrant/content/plugins/types/library/toolset/installer/includes/installer.class.php on line 1420
[23-Aug-2016 09:28:38 UTC] PHP Warning:  Invalid argument supplied for foreach() in /vagrant/content/plugins/types/library/toolset/installer/includes/installer.class.php on line 1420
[23-Aug-2016 09:28:38 UTC] PHP Notice:  Undefined index: repositories in /vagrant/content/plugins/types/library/toolset/installer/includes/installer.class.php on line 1420
[23-Aug-2016 09:28:38 UTC] PHP Warning:  Invalid argument supplied for foreach() in /vagrant/content/plugins/types/library/toolset/installer/includes/installer.class.php on line 1420
[23-Aug-2016 09:28:38 UTC] PHP Notice:  Undefined index: repositories in /vagrant/content/plugins/types/library/toolset/installer/includes/installer.class.php on line 1420
[23-Aug-2016 09:28:38 UTC] PHP Warning:  Invalid argument supplied for foreach() in /vagrant/content/plugins/types/library/toolset/installer/includes/installer.class.php on line 1420
[23-Aug-2016 09:28:38 UTC] PHP Notice:  Undefined index: repositories in /vagrant/content/plugins/types/library/toolset/installer/includes/installer.class.php on line 1420
[23-Aug-2016 09:28:38 UTC] PHP Warning:  Invalid argument supplied for foreach() in /vagrant/content/plugins/types/library/toolset/installer/includes/installer.class.php on line 1420
[23-Aug-2016 09:29:01 UTC] PHP Notice:  Array to string conversion in /vagrant/wp/wp-includes/formatting.php on line 1025
[23-Aug-2016 09:31:33 UTC] PHP Warning:  Произошла непредвиденная ошибка. Возможно, что-то не так с сайтом WordPress.org или с настройками вашего сервера. Если проблема не решится, обратитесь на <a href="https://ru.forums.wordpress.org/">форумы поддержки</a>. (Не удалось установить защищённое соединение с WordPress.org. Пожалуйста, свяжитесь с администратором сервера.) in /vagrant/wp/wp-includes/update.php on line 306
[23-Aug-2016 09:31:33 UTC] PHP Notice:  Undefined index: repositories in /vagrant/content/plugins/types/library/toolset/installer/includes/installer.class.php on line 2063
[23-Aug-2016 09:31:33 UTC] PHP Warning:  Invalid argument supplied for foreach() in /vagrant/content/plugins/types/library/toolset/installer/includes/installer.class.php on line 2063
[23-Aug-2016 09:31:33 UTC] PHP Notice:  Undefined index: repositories in /vagrant/content/plugins/types/library/toolset/installer/includes/installer.class.php on line 2063
[23-Aug-2016 09:31:33 UTC] PHP Warning:  Invalid argument supplied for foreach() in /vagrant/content/plugins/types/library/toolset/installer/includes/installer.class.php on line 2063
[23-Aug-2016 09:31:33 UTC] PHP Notice:  Undefined index: repositories in /vagrant/content/plugins/types/library/toolset/installer/includes/installer.class.php on line 2063
[23-Aug-2016 09:31:33 UTC] PHP Warning:  Invalid argument supplied for foreach() in /vagrant/content/plugins/types/library/toolset/installer/includes/installer.class.php on line 2063
[23-Aug-2016 09:31:33 UTC] PHP Notice:  Undefined index: repositories in /vagrant/content/plugins/types/library/toolset/installer/includes/installer.class.php on line 2063
[23-Aug-2016 09:31:33 UTC] PHP Warning:  Invalid argument supplied for foreach() in /vagrant/content/plugins/types/library/toolset/installer/includes/installer.class.php on line 2063
[23-Aug-2016 09:31:33 UTC] PHP Notice:  Undefined index: repositories in /vagrant/content/plugins/types/library/toolset/installer/includes/installer.class.php on line 2063
[23-Aug-2016 09:31:33 UTC] PHP Warning:  Invalid argument supplied for foreach() in /vagrant/content/plugins/types/library/toolset/installer/includes/installer.class.php on line 2063
[23-Aug-2016 09:31:33 UTC] PHP Notice:  Undefined index: repositories in /vagrant/content/plugins/types/library/toolset/installer/includes/installer.class.php on line 1374
[23-Aug-2016 09:31:33 UTC] PHP Warning:  Invalid argument supplied for foreach() in /vagrant/content/plugins/types/library/toolset/installer/includes/installer.class.php on line 1374
[23-Aug-2016 09:31:33 UTC] PHP Notice:  Undefined index: repositories in /vagrant/content/plugins/types/library/toolset/installer/includes/installer.class.php on line 1420
[23-Aug-2016 09:31:33 UTC] PHP Warning:  Invalid argument supplied for foreach() in /vagrant/content/plugins/types/library/toolset/installer/includes/installer.class.php on line 1420
[23-Aug-2016 09:31:33 UTC] PHP Notice:  Undefined index: repositories in /vagrant/content/plugins/types/library/toolset/installer/includes/installer.class.php on line 1420
[23-Aug-2016 09:31:33 UTC] PHP Warning:  Invalid argument supplied for foreach() in /vagrant/content/plugins/types/library/toolset/installer/includes/installer.class.php on line 1420
[23-Aug-2016 09:31:33 UTC] PHP Notice:  Undefined index: repositories in /vagrant/content/plugins/types/library/toolset/installer/includes/installer.class.php on line 1420
[23-Aug-2016 09:31:33 UTC] PHP Warning:  Invalid argument supplied for foreach() in /vagrant/content/plugins/types/library/toolset/installer/includes/installer.class.php on line 1420
[23-Aug-2016 09:31:33 UTC] PHP Notice:  Undefined index: repositories in /vagrant/content/plugins/types/library/toolset/installer/includes/installer.class.php on line 1420
[23-Aug-2016 09:31:33 UTC] PHP Warning:  Invalid argument supplied for foreach() in /vagrant/content/plugins/types/library/toolset/installer/includes/installer.class.php on line 1420
[23-Aug-2016 09:31:33 UTC] PHP Notice:  Undefined index: repositories in /vagrant/content/plugins/types/library/toolset/installer/includes/installer.class.php on line 1420
[23-Aug-2016 09:31:33 UTC] PHP Warning:  Invalid argument supplied for foreach() in /vagrant/content/plugins/types/library/toolset/installer/includes/installer.class.php on line 1420
[23-Aug-2016 09:38:40 UTC] PHP Warning:  Произошла непредвиденная ошибка. Возможно, что-то не так с сайтом WordPress.org или с настройками вашего сервера. Если проблема не решится, обратитесь на <a href="https://ru.forums.wordpress.org/">форумы поддержки</a>. (Не удалось установить защищённое соединение с WordPress.org. Пожалуйста, свяжитесь с администратором сервера.) in /vagrant/wp/wp-includes/update.php on line 306
[23-Aug-2016 09:38:41 UTC] PHP Notice:  Undefined index: repositories in /vagrant/content/plugins/types/library/toolset/installer/includes/installer.class.php on line 2063
[23-Aug-2016 09:38:41 UTC] PHP Warning:  Invalid argument supplied for foreach() in /vagrant/content/plugins/types/library/toolset/installer/includes/installer.class.php on line 2063
[23-Aug-2016 09:38:41 UTC] PHP Notice:  Undefined index: repositories in /vagrant/content/plugins/types/library/toolset/installer/includes/installer.class.php on line 2063
[23-Aug-2016 09:38:41 UTC] PHP Warning:  Invalid argument supplied for foreach() in /vagrant/content/plugins/types/library/toolset/installer/includes/installer.class.php on line 2063
[23-Aug-2016 09:38:41 UTC] PHP Notice:  Undefined index: repositories in /vagrant/content/plugins/types/library/toolset/installer/includes/installer.class.php on line 2063
[23-Aug-2016 09:38:41 UTC] PHP Warning:  Invalid argument supplied for foreach() in /vagrant/content/plugins/types/library/toolset/installer/includes/installer.class.php on line 2063
[23-Aug-2016 09:38:41 UTC] PHP Notice:  Undefined index: repositories in /vagrant/content/plugins/types/library/toolset/installer/includes/installer.class.php on line 2063
[23-Aug-2016 09:38:41 UTC] PHP Warning:  Invalid argument supplied for foreach() in /vagrant/content/plugins/types/library/toolset/installer/includes/installer.class.php on line 2063
[23-Aug-2016 09:38:41 UTC] PHP Notice:  Undefined index: repositories in /vagrant/content/plugins/types/library/toolset/installer/includes/installer.class.php on line 2063
[23-Aug-2016 09:38:41 UTC] PHP Warning:  Invalid argument supplied for foreach() in /vagrant/content/plugins/types/library/toolset/installer/includes/installer.class.php on line 2063
[23-Aug-2016 09:38:41 UTC] PHP Notice:  Undefined index: repositories in /vagrant/content/plugins/types/library/toolset/installer/includes/installer.class.php on line 1374
[23-Aug-2016 09:38:41 UTC] PHP Warning:  Invalid argument supplied for foreach() in /vagrant/content/plugins/types/library/toolset/installer/includes/installer.class.php on line 1374
[23-Aug-2016 09:38:41 UTC] PHP Notice:  Undefined index: repositories in /vagrant/content/plugins/types/library/toolset/installer/includes/installer.class.php on line 1420
[23-Aug-2016 09:38:41 UTC] PHP Warning:  Invalid argument supplied for foreach() in /vagrant/content/plugins/types/library/toolset/installer/includes/installer.class.php on line 1420
[23-Aug-2016 09:38:41 UTC] PHP Notice:  Undefined index: repositories in /vagrant/content/plugins/types/library/toolset/installer/includes/installer.class.php on line 1420
[23-Aug-2016 09:38:41 UTC] PHP Warning:  Invalid argument supplied for foreach() in /vagrant/content/plugins/types/library/toolset/installer/includes/installer.class.php on line 1420
[23-Aug-2016 09:38:41 UTC] PHP Notice:  Undefined index: repositories in /vagrant/content/plugins/types/library/toolset/installer/includes/installer.class.php on line 1420
[23-Aug-2016 09:38:41 UTC] PHP Warning:  Invalid argument supplied for foreach() in /vagrant/content/plugins/types/library/toolset/installer/includes/installer.class.php on line 1420
[23-Aug-2016 09:38:41 UTC] PHP Notice:  Undefined index: repositories in /vagrant/content/plugins/types/library/toolset/installer/includes/installer.class.php on line 1420
[23-Aug-2016 09:38:41 UTC] PHP Warning:  Invalid argument supplied for foreach() in /vagrant/content/plugins/types/library/toolset/installer/includes/installer.class.php on line 1420
[23-Aug-2016 09:38:41 UTC] PHP Notice:  Undefined index: repositories in /vagrant/content/plugins/types/library/toolset/installer/includes/installer.class.php on line 1420
[23-Aug-2016 09:38:41 UTC] PHP Warning:  Invalid argument supplied for foreach() in /vagrant/content/plugins/types/library/toolset/installer/includes/installer.class.php on line 1420
[23-Aug-2016 09:43:55 UTC] PHP Warning:  Произошла непредвиденная ошибка. Возможно, что-то не так с сайтом WordPress.org или с настройками вашего сервера. Если проблема не решится, обратитесь на <a href="https://ru.forums.wordpress.org/">форумы поддержки</a>. (Не удалось установить защищённое соединение с WordPress.org. Пожалуйста, свяжитесь с администратором сервера.) in /vagrant/wp/wp-admin/includes/translation-install.php on line 59
[23-Aug-2016 09:43:55 UTC] PHP Warning:  Произошла непредвиденная ошибка. Возможно, что-то не так с сайтом WordPress.org или с настройками вашего сервера. Если проблема не решится, обратитесь на <a href="https://ru.forums.wordpress.org/">форумы поддержки</a>. (Не удалось установить защищённое соединение с WordPress.org. Пожалуйста, свяжитесь с администратором сервера.) in /vagrant/wp/wp-admin/includes/translation-install.php on line 59
[23-Aug-2016 09:43:55 UTC] PHP Notice:  Функция define() вызвана с аргументом, который <strong>считается устаревшим</strong> с версии 4.0.0! Константа WPLANG в файле wp-config.php больше не нужна.. in /vagrant/wp/wp-includes/functions.php on line 3890
[23-Aug-2016 09:44:15 UTC] PHP Warning:  Произошла непредвиденная ошибка. Возможно, что-то не так с сайтом WordPress.org или с настройками вашего сервера. Если проблема не решится, обратитесь на <a href="https://ru.forums.wordpress.org/">форумы поддержки</a>. (Не удалось установить защищённое соединение с WordPress.org. Пожалуйста, свяжитесь с администратором сервера.) in /vagrant/wp/wp-admin/includes/translation-install.php on line 59
[23-Aug-2016 09:44:15 UTC] PHP Warning:  Произошла непредвиденная ошибка. Возможно, что-то не так с сайтом WordPress.org или с настройками вашего сервера. Если проблема не решится, обратитесь на <a href="https://ru.forums.wordpress.org/">форумы поддержки</a>. (Не удалось установить защищённое соединение с WordPress.org. Пожалуйста, свяжитесь с администратором сервера.) in /vagrant/wp/wp-admin/includes/translation-install.php on line 59
[24-Aug-2016 05:27:14 UTC] PHP Warning:  Произошла непредвиденная ошибка. Возможно, что-то не так с сайтом WordPress.org или с настройками вашего сервера. Если проблема не решится, обратитесь на <a href="https://ru.forums.wordpress.org/">форумы поддержки</a>. (Не удалось установить защищённое соединение с WordPress.org. Пожалуйста, свяжитесь с администратором сервера.) in /vagrant/wp/wp-includes/update.php on line 123
[24-Aug-2016 05:27:14 UTC] PHP Warning:  Произошла непредвиденная ошибка. Возможно, что-то не так с сайтом WordPress.org или с настройками вашего сервера. Если проблема не решится, обратитесь на <a href="https://ru.forums.wordpress.org/">форумы поддержки</a>. (Не удалось установить защищённое соединение с WordPress.org. Пожалуйста, свяжитесь с администратором сервера.) in /vagrant/wp/wp-includes/update.php on line 306
[24-Aug-2016 05:27:14 UTC] PHP Warning:  Произошла непредвиденная ошибка. Возможно, что-то не так с сайтом WordPress.org или с настройками вашего сервера. Если проблема не решится, обратитесь на <a href="https://ru.forums.wordpress.org/">форумы поддержки</a>. (Не удалось установить защищённое соединение с WordPress.org. Пожалуйста, свяжитесь с администратором сервера.) in /vagrant/wp/wp-includes/update.php on line 479
[24-Aug-2016 05:51:09 UTC] PHP Parse error:  syntax error, unexpected 'id' (T_STRING), expecting ']' in /vagrant/content/themes/skp_plus/template-parts/content-request.php on line 8
[24-Aug-2016 05:51:23 UTC] PHP Parse error:  syntax error, unexpected 'id' (T_STRING), expecting ']' in /vagrant/content/themes/skp_plus/template-parts/content-request.php on line 8
[24-Aug-2016 05:51:27 UTC] PHP Parse error:  syntax error, unexpected '25' (T_LNUMBER) in /vagrant/content/themes/skp_plus/template-parts/content-request.php on line 8
